step=123
genome=/Users/shelvasha/Repbox/sinescan_out/Escherichia_coli_str_k_12_substr_mg1655.ASM584v2.dna.toplevel.fasta
workdir=/Users/shelvasha/Repbox/sinescan_out
name=Escherichia_coli_str_k_12_substr_mg1655
infile=/Users/shelvasha/Repbox/sinescan_out/Escherichia_coli_str_k_12_substr_mg1655.ASM584v2.dna.toplevel.sine.fa
annotation=/Users/shelvasha/Repbox/sinescan_out/sinescan_out.for_annotation.fa
min_copy_num=5
extend_size=60
end_size=25
cutoff=0.8
cdlength=0.8
B_identity=0.8
RNAi=0.6
RNAc=60
outputDir=./
boundary=1
cpu_num=2
min_D=0.3
0.6=0.6
min_M=0.75
min_con=0.8
siteLen=4
H_block=10
H_sites=0.6
